#-----------------------------------------------------------
# Vivado v2018.3 (64-bit)
# SW Build 2405991 on Thu Dec  6 23:38:27 MST 2018
# IP Build 2404404 on Fri Dec  7 01:43:56 MST 2018
# Start of session at: Wed Apr  5 23:09:00 2023
# Process ID: 25932
# Current directory: C:/Users/hejsh/Desktop/singleCPU
# Command line: vivado.exe -gui_launcher_event rodinguilauncherevent27876 C:\Users\hejsh\Desktop\singleCPU\singleCPU.xpr
# Log file: C:/Users/hejsh/Desktop/singleCPU/vivado.log
# Journal file: C:/Users/hejsh/Desktop/singleCPU\vivado.jou
#-----------------------------------------------------------
start_gui
open_project C:/Users/hejsh/Desktop/singleCPU/singleCPU.xpr
Scanning sources...
Finished scanning sources
INFO: [IP_Flow 19-234] Refreshing IP repositories
INFO: [IP_Flow 19-1704] No user IP repositories specified
INFO: [IP_Flow 19-2313] Loaded Vivado IP repository 'D:/software/Vivado/Vivado/2018.3/data/ip'.
open_project: Time (s): cpu = 00:00:08 ; elapsed = 00:00:09 . Memory (MB): peak = 756.828 ; gain = 108.695
update_compile_order -fileset sources_1
delete_fileset [ get_filesets sim_2 ]
file delete -force C:/Users/hejsh/Desktop/singleCPU/singleCPU.srcs/sim_2
add_files -norecurse C:/Users/hejsh/Desktop/toplevel.v
update_compile_order -fileset sources_1
update_compile_order -fileset sources_1
add_files -norecurse C:/Users/hejsh/Desktop/singleCPU/singleCPU.srcs/sources_1/new/toplevel.v
update_compile_order -fileset sources_1
add_files -norecurse C:/Users/hejsh/Desktop/singleCPU/singleCPU.srcs/sources_1/new/toplevel.v
WARNING: [filemgmt 56-12] File 'C:/Users/hejsh/Desktop/singleCPU/singleCPU.srcs/sources_1/new/toplevel.v' cannot be added to the project because it already exists in the project, skipping this file
export_ip_user_files -of_objects  [get_files C:/Users/hejsh/Desktop/toplevel.v] -no_script -reset -force -quiet
remove_files  C:/Users/hejsh/Desktop/toplevel.v
update_compile_order -fileset sources_1
export_ip_user_files -of_objects  [get_files C:/Users/hejsh/Desktop/singleCPU/singleCPU.srcs/sources_1/new/BRAM.v] -no_script -reset -force -quiet
remove_files  C:/Users/hejsh/Desktop/singleCPU/singleCPU.srcs/sources_1/new/BRAM.v
add_files -norecurse C:/Users/hejsh/Desktop/singleCPU/singleCPU.srcs/sources_1/new/BRAM.v
update_compile_order -fileset sources_1
set_property SOURCE_SET sources_1 [get_filesets sim_1]
add_files -fileset sim_1 -norecurse C:/Users/hejsh/Desktop/singleCPU/singleCPU.srcs/sim_1/new/BRAM_tb.v
update_compile_order -fileset sim_1
exit
INFO: [Common 17-206] Exiting Vivado at Wed Apr  5 23:23:09 2023...
