#-----------------------------------------------------------
# Vivado v2018.3 (64-bit)
# SW Build 2405991 on Thu Dec  6 23:38:27 MST 2018
# IP Build 2404404 on Fri Dec  7 01:43:56 MST 2018
# Start of session at: Mon Apr  3 11:51:06 2023
# Process ID: 22148
# Current directory: C:/Users/hejsh/Desktop/singleCPU
# Command line: vivado.exe -gui_launcher_event rodinguilauncherevent35072 C:\Users\hejsh\Desktop\singleCPU\singleCPU.xpr
# Log file: C:/Users/hejsh/Desktop/singleCPU/vivado.log
# Journal file: C:/Users/hejsh/Desktop/singleCPU\vivado.jou
#-----------------------------------------------------------
start_gui
open_project C:/Users/hejsh/Desktop/singleCPU/singleCPU.xpr
Scanning sources...
Finished scanning sources
INFO: [IP_Flow 19-234] Refreshing IP repositories
INFO: [IP_Flow 19-1704] No user IP repositories specified
INFO: [IP_Flow 19-2313] Loaded Vivado IP repository 'D:/software/Vivado/Vivado/2018.3/data/ip'.
open_project: Time (s): cpu = 00:00:07 ; elapsed = 00:00:08 . Memory (MB): peak = 747.383 ; gain = 110.746
update_compile_order -fileset sources_1
